Android App/app/manifest-merger-debug-report.txt
-- Merging decision tree log ---
manifest
ADDED from AndroidManifest.xml:2:1
	package
		ADDED from AndroidManifest.xml:3:5
		INJECTED from AndroidManifest.xml:0:0
		INJECTED from AndroidManifest.xml:0:0
	android:versionName
		ADDED from AndroidManifest.xml:7:5
		INJECTED from AndroidManifest.xml:0:0
		INJECTED from AndroidManifest.xml:0:0
	android:versionCode
		ADDED from AndroidManifest.xml:6:5
		INJECTED from AndroidManifest.xml:0:0
		INJECTED from AndroidManifest.xml:0:0
	xmlns:android
		ADDED from AndroidManifest.xml:4:5
	android:installLocation
		ADDED from AndroidManifest.xml:5:5
supports-screens
ADDED from AndroidManifest.xml:9:3
	android:largeScreens
		ADDED from AndroidManifest.xml:11:7
	android:smallScreens
		ADDED from AndroidManifest.xml:14:7
	android:normalScreens
		ADDED from AndroidManifest.xml:12:7
	android:xlargeScreens
		ADDED from AndroidManifest.xml:15:7
	android:resizeable
		ADDED from AndroidManifest.xml:13:7
	android:anyDensity
		ADDED from AndroidManifest.xml:10:7
uses-feature#android.hardware.wifi
ADDED from AndroidManifest.xml:17:3
	android:required
		ADDED from AndroidManifest.xml:19:7
	android:name
		ADDED from AndroidManifest.xml:18:7
uses-permission#android.permission.ACCESS_NETWORK_STATE
ADDED from AndroidManifest.xml:21:3
	android:name
		ADDED from AndroidManifest.xml:21:20
uses-permission#android.permission.BLUETOOTH_ADMIN
ADDED from AndroidManifest.xml:22:3
	android:name
		ADDED from AndroidManifest.xml:22:20
uses-permission#android.permission.BATTERY_STATS
ADDED from AndroidManifest.xml:23:3
	android:name
		ADDED from AndroidManifest.xml:23:20
uses-permission#android.permission.BLUETOOTH
ADDED from AndroidManifest.xml:24:3
	android:name
		ADDED from AndroidManifest.xml:24:20
uses-permission#android.permission.WAKE_LOCK
ADDED from AndroidManifest.xml:25:3
	android:name
		ADDED from AndroidManifest.xml:25:20
uses-permission#android.permission.INTERNET
ADDED from AndroidManifest.xml:26:3
	android:name
		ADDED from AndroidManifest.xml:26:20
uses-permission#android.permission.VIBRATE
ADDED from AndroidManifest.xml:27:3
	android:name
		ADDED from AndroidManifest.xml:27:20
uses-sdk
ADDED from AndroidManifest.xml:29:3
MERGED from NXTRemoteController:MaterialDesign:unspecified:7:5
MERGED from com.android.support:support-v4:21.0.2:15:5
MERGED from com.android.support:support-v4:21.0.2:15:5
MERGED from com.android.support:appcompat-v7:21.0.2:15:5
MERGED from com.android.support:support-v4:21.0.2:15:5
MERGED from com.android.support:recyclerview-v7:21.0.2:15:5
MERGED from com.android.support:support-v4:21.0.2:15:5
MERGED from com.github.traex.rippleeffect:library:1.2.3:8:5
MERGED from com.android.support:android-support-v4-preferencefragment:1.0.0:20:5
MERGED from com.android.support:support-v4:21.0.2:15:5
	android:maxSdkVersion
		ADDED from AndroidManifest.xml:30:7
	android:targetSdkVersion
		ADDED from AndroidManifest.xml:32:7
		INJECTED from AndroidManifest.xml:0:0
		INJECTED from AndroidManifest.xml:0:0
	android:minSdkVersion
		ADDED from AndroidManifest.xml:31:7
		INJECTED from AndroidManifest.xml:0:0
		INJECTED from AndroidManifest.xml:0:0
application
ADDED from AndroidManifest.xml:34:3
MERGED from NXTRemoteController:MaterialDesign:unspecified:11:5
MERGED from com.android.support:support-v4:21.0.2:16:5
MERGED from com.android.support:support-v4:21.0.2:16:5
MERGED from com.android.support:appcompat-v7:21.0.2:16:5
MERGED from com.android.support:support-v4:21.0.2:16:5
MERGED from com.android.support:recyclerview-v7:21.0.2:17:5
MERGED from com.android.support:support-v4:21.0.2:16:5
MERGED from com.github.traex.rippleeffect:library:1.2.3:12:5
MERGED from com.android.support:android-support-v4-preferencefragment:1.0.0:24:5
MERGED from com.android.support:support-v4:21.0.2:16:5
	android:label
		ADDED from AndroidManifest.xml:37:7
	android:allowBackup
		ADDED from AndroidManifest.xml:35:7
	android:icon
		ADDED from AndroidManifest.xml:36:7
	android:theme
		ADDED from AndroidManifest.xml:38:7
activity#git.egatuts.nxtremotecontroller.MainActivity
ADDED from AndroidManifest.xml:40:5
	android:label
		ADDED from AndroidManifest.xml:43:9
	android:configChanges
		ADDED from AndroidManifest.xml:42:9
	android:name
		ADDED from AndroidManifest.xml:41:9
intent-filter#android.intent.action.MAIN+android.intent.category.LAUNCHER+android.intent.category.MULTIWINDOW_LAUNCHER
ADDED from AndroidManifest.xml:45:7
action#android.intent.action.MAIN
ADDED from AndroidManifest.xml:46:9
	android:name
		ADDED from AndroidManifest.xml:46:17
category#android.intent.category.LAUNCHER
ADDED from AndroidManifest.xml:48:9
	android:name
		ADDED from AndroidManifest.xml:48:19
category#android.intent.category.MULTIWINDOW_LAUNCHER
ADDED from AndroidManifest.xml:49:9
	android:name
		ADDED from AndroidManifest.xml:49:19
meta-data#android.support.PARENT_ACTIVITY
ADDED from AndroidManifest.xml:52:7
	android:value
		ADDED from AndroidManifest.xml:54:11
	android:name
		ADDED from AndroidManifest.xml:53:11
activity#git.egatuts.nxtremotecontroller.SettingsActivity
ADDED from AndroidManifest.xml:58:5
	android:label
		ADDED from AndroidManifest.xml:61:9
	android:configChanges
		ADDED from AndroidManifest.xml:60:9
	android:name
		ADDED from AndroidManifest.xml:59:9
uses-library#com.sec.android.app.multiwindow
ADDED from AndroidManifest.xml:63:5
	android:required
		ADDED from AndroidManifest.xml:65:9
	android:name
		ADDED from AndroidManifest.xml:64:9
meta-data#com.sec.android.support.multiwindow
ADDED from AndroidManifest.xml:67:5
	android:value
		ADDED from AndroidManifest.xml:69:9
	android:name
		ADDED from AndroidManifest.xml:68:9
meta-data#com.sec.android.mutiwindow.DEFAULT_SIZE_W
ADDED from AndroidManifest.xml:70:5
	android:value
		ADDED from AndroidManifest.xml:72:9
	android:name
		ADDED from AndroidManifest.xml:71:9
meta-data#com.sec.android.mutiwindow.DEFAULT_SIZE_H
ADDED from AndroidManifest.xml:73:5
	android:value
		ADDED from AndroidManifest.xml:75:9
	android:name
		ADDED from AndroidManifest.xml:74:9
meta-data#com.sec.android.mutiwindow.MINIMUM_SIZE_W
ADDED from AndroidManifest.xml:76:5
	android:value
		ADDED from AndroidManifest.xml:78:9
	android:name
		ADDED from AndroidManifest.xml:77:9
meta-data#com.sec.android.mutiwindow.MINIMUM_SIZE_H
ADDED from AndroidManifest.xml:79:5
	android:value
		ADDED from AndroidManifest.xml:81:9
	android:name
		ADDED from AndroidManifest.xml:80:9
activity#android.support.v7.widget.TestActivity
ADDED from com.android.support:recyclerview-v7:21.0.2:18:9
	android:label
		ADDED from com.android.support:recyclerview-v7:21.0.2:18:19
	android:name
		ADDED from com.android.support:recyclerview-v7:21.0.2:18:60